<?xml version="1.0" encoding="UTF-8"?>
<!-- Generated by org.testng.reporters.JUnitXMLReporter -->
<testsuite ignored="3" hostname="DESKTOP-9P1G2QK" failures="3" tests="3" name="Test" time="0.093" errors="0" timestamp="2024-01-06T11:07:28 BDT">
  <testcase classname="beforeGroup_Sapurt.GroupTest" name="homePageVerification" time="0.012">
    <failure type="java.lang.NullPointerException">
      <![CDATA[java.lang.NullPointerException
at beforeGroup_Sapurt.BaseGroup.navigate(BaseGroup.java:88)
at beforeGroup_Sapurt.GroupTest.homePageVerification(GroupTest.java:13)
at java.base/java.util.ArrayList.forEach(ArrayList.java:1540)
... Removed 27 stack frames]]>
    </failure>
  </testcase> <!-- homePageVerification -->
  <testcase classname="beforeGroup_Sapurt.GroupTest" name="test_Customer_Login" time="0.001">
    <failure type="java.lang.NullPointerException">
      <![CDATA[java.lang.NullPointerException
at beforeGroup_Sapurt.BaseGroup.navigate(BaseGroup.java:88)
at beforeGroup_Sapurt.GroupTest.test_Customer_Login(GroupTest.java:26)
at java.base/java.util.ArrayList.forEach(ArrayList.java:1540)
... Removed 27 stack frames]]>
    </failure>
  </testcase> <!-- test_Customer_Login -->
  <testcase classname="beforeGroup_Sapurt.Test_Create_Order" name="test_Create_Order" time="0.002">
    <failure type="java.lang.NullPointerException">
      <![CDATA[java.lang.NullPointerException
at beforeGroup_Sapurt.BaseGroup.navigate(BaseGroup.java:88)
at beforeGroup_Sapurt.Test_Create_Order.test_Create_Order(Test_Create_Order.java:13)
at java.base/java.util.ArrayList.forEach(ArrayList.java:1540)
... Removed 27 stack frames]]>
    </failure>
  </testcase> <!-- test_Create_Order -->
  <testcase classname="beforeGroup_Sapurt.GroupTest" name="test_Employee_Login" time="0.0">
    <ignored/>
  </testcase> <!-- test_Employee_Login -->
  <testcase classname="beforeGroup_Sapurt.BaseGroup" name="@AfterSuite close" time="0.0">
    <ignored/>
  </testcase> <!-- @AfterSuite close -->
  <testcase classname="beforeGroup_Sapurt.GroupTest" name="test_Create_Order" time="0.0">
    <ignored/>
  </testcase> <!-- test_Create_Order -->
</testsuite> <!-- Test -->
