<?xml version="1.0" encoding="UTF-8"?>
<!-- Generated by org.testng.reporters.JUnitReportReporter -->
<testsuite hostname="DESKTOP-9P1G2QK" failures="2" tests="4" name="reportNGReports.Assertion_Test_Employee_Login" time="14.047" errors="0" timestamp="2023-12-20T13:28:34 BDT" skipped="0">
  <testcase classname="reportNGReports.Assertion_Test_Employee_Login" name="test_Create_Order" time="3.533"/>
  <testcase classname="reportNGReports.Assertion_Test_Employee_Login" name="test_Employee_Login" time="1.520">
    <failure message="The following asserts failed:
	expected [Employee Id: 102] but found [Employee Id: 1022]" type="java.lang.AssertionError">
      <![CDATA[java.lang.AssertionError: The following asserts failed:
expected [Employee Id: 102] but found [Employee Id: 1022]
at org.testng.asserts.SoftAssert.assertAll(SoftAssert.java:46)
at org.testng.asserts.SoftAssert.assertAll(SoftAssert.java:30)
at reportNGReports.Assertion_Test_Employee_Login.test_Employee_Login(Assertion_Test_Employee_Login.java:85)
at java.base/jdk.internal.reflect.NativeMethodAccessorImpl.invoke0(Native Method)
at java.base/jdk.internal.reflect.NativeMethodAccessorImpl.invoke(NativeMethodAccessorImpl.java:62)
at java.base/jdk.internal.reflect.DelegatingMethodAccessorImpl.invoke(DelegatingMethodAccessorImpl.java:43)
at java.base/java.lang.reflect.Method.invoke(Method.java:566)
at org.testng.internal.invokers.MethodInvocationHelper.invokeMethod(MethodInvocationHelper.java:139)
at org.testng.internal.invokers.TestInvoker.invokeMethod(TestInvoker.java:664)
at org.testng.internal.invokers.TestInvoker.invokeTestMethod(TestInvoker.java:227)
at org.testng.internal.invokers.MethodRunner.runInSequence(MethodRunner.java:50)
at org.testng.internal.invokers.TestInvoker$MethodInvocationAgent.invoke(TestInvoker.java:957)
at org.testng.internal.invokers.TestInvoker.invokeTestMethods(TestInvoker.java:200)
at org.testng.internal.invokers.TestMethodWorker.invokeTestMethods(TestMethodWorker.java:148)
at org.testng.internal.invokers.TestMethodWorker.run(TestMethodWorker.java:128)
at java.base/java.util.ArrayList.forEach(ArrayList.java:1540)
at org.testng.TestRunner.privateRun(TestRunner.java:848)
at org.testng.TestRunner.run(TestRunner.java:621)
at org.testng.SuiteRunner.runTest(SuiteRunner.java:443)
at org.testng.SuiteRunner.runSequentially(SuiteRunner.java:437)
at org.testng.SuiteRunner.privateRun(SuiteRunner.java:397)
at org.testng.SuiteRunner.run(SuiteRunner.java:336)
at org.testng.SuiteRunnerWorker.runSuite(SuiteRunnerWorker.java:52)
at org.testng.SuiteRunnerWorker.run(SuiteRunnerWorker.java:95)
at org.testng.TestNG.runSuitesSequentially(TestNG.java:1280)
at org.testng.TestNG.runSuitesLocally(TestNG.java:1200)
at org.testng.TestNG.runSuites(TestNG.java:1114)
at org.testng.TestNG.run(TestNG.java:1082)
at org.testng.remote.AbstractRemoteTestNG.run(AbstractRemoteTestNG.java:115)
at org.testng.remote.RemoteTestNG.initAndRun(RemoteTestNG.java:251)
at org.testng.remote.RemoteTestNG.main(RemoteTestNG.java:77)
]]>
    </failure>
    <system-out>
      <![CDATA[<a href="C:\Java\PlayWright_In_Java\class_26TestNG_Basic\test_Customer_Login_failur.png">Screenshot link</a>
<a href="C:\Java\PlayWright_In_Java\class_26TestNG_Basic\test_Employee_Login_failur.png"target ="_blank">Screenshot link</a>
<br>
<a href="C:\Java\PlayWright_In_Java\class_26TestNG_Basic\test_Customer_Login"target ="_blank"><img height =200 width = 200 src="C:\Java\PlayWright_In_Java\class_26TestNG_Basic\test_Customer_Login_failur.png"></a>
<br>
<a href="C:\Java\PlayWright_In_Java\class_26TestNG_Basic\test_Employee_Login_failur.png"target ="_blank"><img height =200 width = 200 src="C:\Java\PlayWright_In_Java\class_26TestNG_Basic\test_Employee_Login_failur.png"></a>]]>
    </system-out>
  </testcase> <!-- test_Employee_Login -->
  <testcase classname="reportNGReports.Assertion_Test_Employee_Login" name="test_Customer_Login" time="6.622">
    <failure message="Locator expected to have text: Welcome Davidd
Received: Welcome David

Call log:
Locator.expect with timeout 5000ms
waiting for locator(&quot;xpath=//*[@id=&#039;divimg&#039;]/div/h2[2]&quot;)
  locator resolved to &lt;h2&gt;Welcome David&lt;/h2&gt;
  unexpected value &quot;Welcome David&quot;
  locator resolved to &lt;h2&gt;Welcome David&lt;/h2&gt;
  unexpected value &quot;Welcome David&quot;
  locator resolved to &lt;h2&gt;Welcome David&lt;/h2&gt;
  unexpected value &quot;Welcome David&quot;
  locator resolved to &lt;h2&gt;Welcome David&lt;/h2&gt;
  unexpected value &quot;Welcome David&quot;
  locator resolved to &lt;h2&gt;Welcome David&lt;/h2&gt;
  unexpected value &quot;Welcome David&quot;
  locator resolved to &lt;h2&gt;Welcome David&lt;/h2&gt;
  unexpected value &quot;Welcome David&quot;
  locator resolved to &lt;h2&gt;Welcome David&lt;/h2&gt;
  unexpected value &quot;Welcome David&quot;
  locator resolved to &lt;h2&gt;Welcome David&lt;/h2&gt;
  unexpected value &quot;Welcome David&quot;
  locator resolved to &lt;h2&gt;Welcome David&lt;/h2&gt;
  unexpected value &quot;Welcome David&quot;" type="org.opentest4j.AssertionFailedError">
      <![CDATA[org.opentest4j.AssertionFailedError: Locator expected to have text: Welcome Davidd
Received: Welcome David

Call log:
Locator.expect with timeout 5000ms
waiting for locator("xpath=//*[@id='divimg']/div/h2[2]")
  locator resolved to <h2>Welcome David</h2>
  unexpected value "Welcome David"
  locator resolved to <h2>Welcome David</h2>
  unexpected value "Welcome David"
  locator resolved to <h2>Welcome David</h2>
  unexpected value "Welcome David"
  locator resolved to <h2>Welcome David</h2>
  unexpected value "Welcome David"
  locator resolved to <h2>Welcome David</h2>
  unexpected value "Welcome David"
  locator resolved to <h2>Welcome David</h2>
  unexpected value "Welcome David"
  locator resolved to <h2>Welcome David</h2>
  unexpected value "Welcome David"
  locator resolved to <h2>Welcome David</h2>
  unexpected value "Welcome David"
  locator resolved to <h2>Welcome David</h2>
  unexpected value "Welcome David"
at com.microsoft.playwright.impl.AssertionsBase.expectImpl(AssertionsBase.java:73)
at com.microsoft.playwright.impl.AssertionsBase.expectImpl(AssertionsBase.java:50)
at com.microsoft.playwright.impl.AssertionsBase.expectImpl(AssertionsBase.java:41)
at com.microsoft.playwright.impl.LocatorAssertionsImpl.hasText(LocatorAssertionsImpl.java:214)
at com.microsoft.playwright.assertions.LocatorAssertions.hasText(LocatorAssertions.java:1442)
at base.Base.assertion(Base.java:79)
at reportNGReports.Assertion_Test_Employee_Login.test_Customer_Login(Assertion_Test_Employee_Login.java:48)
at java.base/jdk.internal.reflect.NativeMethodAccessorImpl.invoke0(Native Method)
at java.base/jdk.internal.reflect.NativeMethodAccessorImpl.invoke(NativeMethodAccessorImpl.java:62)
at java.base/jdk.internal.reflect.DelegatingMethodAccessorImpl.invoke(DelegatingMethodAccessorImpl.java:43)
at java.base/java.lang.reflect.Method.invoke(Method.java:566)
at org.testng.internal.invokers.MethodInvocationHelper.invokeMethod(MethodInvocationHelper.java:139)
at org.testng.internal.invokers.TestInvoker.invokeMethod(TestInvoker.java:664)
at org.testng.internal.invokers.TestInvoker.invokeTestMethod(TestInvoker.java:227)
at org.testng.internal.invokers.MethodRunner.runInSequence(MethodRunner.java:50)
at org.testng.internal.invokers.TestInvoker$MethodInvocationAgent.invoke(TestInvoker.java:957)
at org.testng.internal.invokers.TestInvoker.invokeTestMethods(TestInvoker.java:200)
at org.testng.internal.invokers.TestMethodWorker.invokeTestMethods(TestMethodWorker.java:148)
at org.testng.internal.invokers.TestMethodWorker.run(TestMethodWorker.java:128)
at java.base/java.util.ArrayList.forEach(ArrayList.java:1540)
at org.testng.TestRunner.privateRun(TestRunner.java:848)
at org.testng.TestRunner.run(TestRunner.java:621)
at org.testng.SuiteRunner.runTest(SuiteRunner.java:443)
at org.testng.SuiteRunner.runSequentially(SuiteRunner.java:437)
at org.testng.SuiteRunner.privateRun(SuiteRunner.java:397)
at org.testng.SuiteRunner.run(SuiteRunner.java:336)
at org.testng.SuiteRunnerWorker.runSuite(SuiteRunnerWorker.java:52)
at org.testng.SuiteRunnerWorker.run(SuiteRunnerWorker.java:95)
at org.testng.TestNG.runSuitesSequentially(TestNG.java:1280)
at org.testng.TestNG.runSuitesLocally(TestNG.java:1200)
at org.testng.TestNG.runSuites(TestNG.java:1114)
at org.testng.TestNG.run(TestNG.java:1082)
at org.testng.remote.AbstractRemoteTestNG.run(AbstractRemoteTestNG.java:115)
at org.testng.remote.RemoteTestNG.initAndRun(RemoteTestNG.java:251)
at org.testng.remote.RemoteTestNG.main(RemoteTestNG.java:77)
]]>
    </failure>
    <system-out>
      <![CDATA[<a href="C:\Java\PlayWright_In_Java\class_26TestNG_Basic\test_Customer_Login_failur.png">Screenshot link</a>
<a href="C:\Java\PlayWright_In_Java\class_26TestNG_Basic\test_Employee_Login_failur.png"target ="_blank">Screenshot link</a>
<br>
<a href="C:\Java\PlayWright_In_Java\class_26TestNG_Basic\test_Customer_Login"target ="_blank"><img height =200 width = 200 src="C:\Java\PlayWright_In_Java\class_26TestNG_Basic\test_Customer_Login_failur.png"></a>
<br>
<a href="C:\Java\PlayWright_In_Java\class_26TestNG_Basic\test_Employee_Login_failur.png"target ="_blank"><img height =200 width = 200 src="C:\Java\PlayWright_In_Java\class_26TestNG_Basic\test_Employee_Login_failur.png"></a>]]>
    </system-out>
  </testcase> <!-- test_Customer_Login -->
  <testcase classname="reportNGReports.Assertion_Test_Employee_Login" name="homePageVerification" time="2.372"/>
  <system-out>
    <![CDATA[<a href="C:\Java\PlayWright_In_Java\class_26TestNG_Basic\test_Customer_Login_failur.png">Screenshot link</a>
<a href="C:\Java\PlayWright_In_Java\class_26TestNG_Basic\test_Employee_Login_failur.png"target ="_blank">Screenshot link</a>
<br>
<a href="C:\Java\PlayWright_In_Java\class_26TestNG_Basic\test_Customer_Login"target ="_blank"><img height =200 width = 200 src="C:\Java\PlayWright_In_Java\class_26TestNG_Basic\test_Customer_Login_failur.png"></a>
<br>
<a href="C:\Java\PlayWright_In_Java\class_26TestNG_Basic\test_Employee_Login_failur.png"target ="_blank"><img height =200 width = 200 src="C:\Java\PlayWright_In_Java\class_26TestNG_Basic\test_Employee_Login_failur.png"></a>
<a href="C:\Java\PlayWright_In_Java\class_26TestNG_Basic\test_Customer_Login_failur.png">Screenshot link</a>
<a href="C:\Java\PlayWright_In_Java\class_26TestNG_Basic\test_Employee_Login_failur.png"target ="_blank">Screenshot link</a>
<br>
<a href="C:\Java\PlayWright_In_Java\class_26TestNG_Basic\test_Customer_Login"target ="_blank"><img height =200 width = 200 src="C:\Java\PlayWright_In_Java\class_26TestNG_Basic\test_Customer_Login_failur.png"></a>
<br>
<a href="C:\Java\PlayWright_In_Java\class_26TestNG_Basic\test_Employee_Login_failur.png"target ="_blank"><img height =200 width = 200 src="C:\Java\PlayWright_In_Java\class_26TestNG_Basic\test_Employee_Login_failur.png"></a>]]>
  </system-out>
</testsuite> <!-- reportNGReports.Assertion_Test_Employee_Login -->
