<?xml version="1.0" encoding="UTF-8"?>
<!-- Generated by org.testng.reporters.JUnitReportReporter -->
<testsuite hostname="DESKTOP-9P1G2QK" failures="1" tests="4" name="class_27.Assertion_Test_Employee_Login" time="77.331" errors="1" timestamp="2023-12-15T18:56:18 BDT" skipped="0">
  <testcase classname="class_27.Assertion_Test_Employee_Login" name="homePageVerification" time="30.018">
    <error message="Error {
  message=&#039;Timeout 30000ms exceeded.
=========================== logs ===========================
navigating to &quot;https://it.microtechlimited.com/index.html&quot;, waiting until &quot;load&quot;
============================================================
  name=&#039;TimeoutError
  stack=&#039;TimeoutError: Timeout 30000ms exceeded.
=========================== logs ===========================
navigating to &quot;https://it.microtechlimited.com/index.html&quot;, waiting until &quot;load&quot;
============================================================
    at ProgressController.run (C:\Users\MONIRA~1\AppData\Local\Temp\playwright-java-12639212274264943313\package\lib\server\progress.js:88:26)
    at Frame.goto (C:\Users\MONIRA~1\AppData\Local\Temp\playwright-java-12639212274264943313\package\lib\server\frames.js:517:23)
    at FrameDispatcher.goto (C:\Users\MONIRA~1\AppData\Local\Temp\playwright-java-12639212274264943313\package\lib\server\dispatchers\frameDispatcher.js:78:119)
    at DispatcherConnection.dispatch (C:\Users\MONIRA~1\AppData\Local\Temp\playwright-java-12639212274264943313\package\lib\server\dispatchers\dispatcher.js:346:46)
}" type="com.microsoft.playwright.TimeoutError">
      <![CDATA[com.microsoft.playwright.TimeoutError: Error {
  message='Timeout 30000ms exceeded.
=========================== logs ===========================
navigating to "https://it.microtechlimited.com/index.html", waiting until "load"
============================================================
  name='TimeoutError
  stack='TimeoutError: Timeout 30000ms exceeded.
=========================== logs ===========================
navigating to "https://it.microtechlimited.com/index.html", waiting until "load"
============================================================
    at ProgressController.run (C:\Users\MONIRA~1\AppData\Local\Temp\playwright-java-12639212274264943313\package\lib\server\progress.js:88:26)
    at Frame.goto (C:\Users\MONIRA~1\AppData\Local\Temp\playwright-java-12639212274264943313\package\lib\server\frames.js:517:23)
    at FrameDispatcher.goto (C:\Users\MONIRA~1\AppData\Local\Temp\playwright-java-12639212274264943313\package\lib\server\dispatchers\frameDispatcher.js:78:119)
    at DispatcherConnection.dispatch (C:\Users\MONIRA~1\AppData\Local\Temp\playwright-java-12639212274264943313\package\lib\server\dispatchers\dispatcher.js:346:46)
}
at com.microsoft.playwright.impl.WaitableResult.get(WaitableResult.java:52)
at com.microsoft.playwright.impl.ChannelOwner.runUntil(ChannelOwner.java:120)
at com.microsoft.playwright.impl.Connection.sendMessage(Connection.java:126)
at com.microsoft.playwright.impl.ChannelOwner.sendMessage(ChannelOwner.java:106)
at com.microsoft.playwright.impl.FrameImpl.navigateImpl(FrameImpl.java:463)
at com.microsoft.playwright.impl.PageImpl.lambda$navigate$45(PageImpl.java:827)
at com.microsoft.playwright.impl.LoggingSupport.withLogging(LoggingSupport.java:47)
at com.microsoft.playwright.impl.ChannelOwner.withLogging(ChannelOwner.java:89)
at com.microsoft.playwright.impl.PageImpl.navigate(PageImpl.java:827)
at com.microsoft.playwright.impl.PageImpl.navigate(PageImpl.java:42)
at com.microsoft.playwright.Page.navigate(Page.java:5282)
at base.Base.navigate(Base.java:63)
at class_27.Assertion_Test_Employee_Login.homePageVerification(Assertion_Test_Employee_Login.java:20)
at java.base/jdk.internal.reflect.NativeMethodAccessorImpl.invoke0(Native Method)
at java.base/jdk.internal.reflect.NativeMethodAccessorImpl.invoke(NativeMethodAccessorImpl.java:62)
at java.base/jdk.internal.reflect.DelegatingMethodAccessorImpl.invoke(DelegatingMethodAccessorImpl.java:43)
at java.base/java.lang.reflect.Method.invoke(Method.java:566)
at org.testng.internal.invokers.MethodInvocationHelper.invokeMethod(MethodInvocationHelper.java:139)
at org.testng.internal.invokers.TestInvoker.invokeMethod(TestInvoker.java:664)
at org.testng.internal.invokers.TestInvoker.invokeTestMethod(TestInvoker.java:227)
at org.testng.internal.invokers.MethodRunner.runInSequence(MethodRunner.java:50)
at org.testng.internal.invokers.TestInvoker$MethodInvocationAgent.invoke(TestInvoker.java:957)
at org.testng.internal.invokers.TestInvoker.invokeTestMethods(TestInvoker.java:200)
at org.testng.internal.invokers.TestMethodWorker.invokeTestMethods(TestMethodWorker.java:148)
at org.testng.internal.invokers.TestMethodWorker.run(TestMethodWorker.java:128)
at java.base/java.util.ArrayList.forEach(ArrayList.java:1540)
at org.testng.TestRunner.privateRun(TestRunner.java:848)
at org.testng.TestRunner.run(TestRunner.java:621)
at org.testng.SuiteRunner.runTest(SuiteRunner.java:443)
at org.testng.SuiteRunner.runSequentially(SuiteRunner.java:437)
at org.testng.SuiteRunner.privateRun(SuiteRunner.java:397)
at org.testng.SuiteRunner.run(SuiteRunner.java:336)
at org.testng.SuiteRunnerWorker.runSuite(SuiteRunnerWorker.java:52)
at org.testng.SuiteRunnerWorker.run(SuiteRunnerWorker.java:95)
at org.testng.TestNG.runSuitesSequentially(TestNG.java:1280)
at org.testng.TestNG.runSuitesLocally(TestNG.java:1200)
at org.testng.TestNG.runSuites(TestNG.java:1114)
at org.testng.TestNG.run(TestNG.java:1082)
at org.testng.remote.AbstractRemoteTestNG.run(AbstractRemoteTestNG.java:115)
at org.testng.remote.RemoteTestNG.initAndRun(RemoteTestNG.java:251)
at org.testng.remote.RemoteTestNG.main(RemoteTestNG.java:77)
Caused by: com.microsoft.playwright.TimeoutError: Error {
  message='Timeout 30000ms exceeded.
=========================== logs ===========================
navigating to "https://it.microtechlimited.com/index.html", waiting until "load"
============================================================
  name='TimeoutError
  stack='TimeoutError: Timeout 30000ms exceeded.
=========================== logs ===========================
navigating to "https://it.microtechlimited.com/index.html", waiting until "load"
============================================================
    at ProgressController.run (C:\Users\MONIRA~1\AppData\Local\Temp\playwright-java-12639212274264943313\package\lib\server\progress.js:88:26)
    at Frame.goto (C:\Users\MONIRA~1\AppData\Local\Temp\playwright-java-12639212274264943313\package\lib\server\frames.js:517:23)
    at FrameDispatcher.goto (C:\Users\MONIRA~1\AppData\Local\Temp\playwright-java-12639212274264943313\package\lib\server\dispatchers\frameDispatcher.js:78:119)
    at DispatcherConnection.dispatch (C:\Users\MONIRA~1\AppData\Local\Temp\playwright-java-12639212274264943313\package\lib\server\dispatchers\dispatcher.js:346:46)
}
at com.microsoft.playwright.impl.Connection.dispatch(Connection.java:224)
at com.microsoft.playwright.impl.Connection.processOneMessage(Connection.java:206)
at com.microsoft.playwright.impl.ChannelOwner.runUntil(ChannelOwner.java:118)
... 39 more
]]>
    </error>
  </testcase> <!-- homePageVerification -->
  <testcase classname="class_27.Assertion_Test_Employee_Login" name="test_Create_Order" time="37.236"/>
  <testcase classname="class_27.Assertion_Test_Employee_Login" name="test_Customer_Login" time="7.082"/>
  <testcase classname="class_27.Assertion_Test_Employee_Login" name="test_Employee_Login" time="2.995">
    <failure message="The following asserts failed:
	expected [Employee Id: 102] but found [Employee Id: 1022]" type="java.lang.AssertionError">
      <![CDATA[java.lang.AssertionError: The following asserts failed:
expected [Employee Id: 102] but found [Employee Id: 1022]
at org.testng.asserts.SoftAssert.assertAll(SoftAssert.java:46)
at org.testng.asserts.SoftAssert.assertAll(SoftAssert.java:30)
at class_27.Assertion_Test_Employee_Login.test_Employee_Login(Assertion_Test_Employee_Login.java:87)
at java.base/jdk.internal.reflect.NativeMethodAccessorImpl.invoke0(Native Method)
at java.base/jdk.internal.reflect.NativeMethodAccessorImpl.invoke(NativeMethodAccessorImpl.java:62)
at java.base/jdk.internal.reflect.DelegatingMethodAccessorImpl.invoke(DelegatingMethodAccessorImpl.java:43)
at java.base/java.lang.reflect.Method.invoke(Method.java:566)
at org.testng.internal.invokers.MethodInvocationHelper.invokeMethod(MethodInvocationHelper.java:139)
at org.testng.internal.invokers.TestInvoker.invokeMethod(TestInvoker.java:664)
at org.testng.internal.invokers.TestInvoker.invokeTestMethod(TestInvoker.java:227)
at org.testng.internal.invokers.MethodRunner.runInSequence(MethodRunner.java:50)
at org.testng.internal.invokers.TestInvoker$MethodInvocationAgent.invoke(TestInvoker.java:957)
at org.testng.internal.invokers.TestInvoker.invokeTestMethods(TestInvoker.java:200)
at org.testng.internal.invokers.TestMethodWorker.invokeTestMethods(TestMethodWorker.java:148)
at org.testng.internal.invokers.TestMethodWorker.run(TestMethodWorker.java:128)
at java.base/java.util.ArrayList.forEach(ArrayList.java:1540)
at org.testng.TestRunner.privateRun(TestRunner.java:848)
at org.testng.TestRunner.run(TestRunner.java:621)
at org.testng.SuiteRunner.runTest(SuiteRunner.java:443)
at org.testng.SuiteRunner.runSequentially(SuiteRunner.java:437)
at org.testng.SuiteRunner.privateRun(SuiteRunner.java:397)
at org.testng.SuiteRunner.run(SuiteRunner.java:336)
at org.testng.SuiteRunnerWorker.runSuite(SuiteRunnerWorker.java:52)
at org.testng.SuiteRunnerWorker.run(SuiteRunnerWorker.java:95)
at org.testng.TestNG.runSuitesSequentially(TestNG.java:1280)
at org.testng.TestNG.runSuitesLocally(TestNG.java:1200)
at org.testng.TestNG.runSuites(TestNG.java:1114)
at org.testng.TestNG.run(TestNG.java:1082)
at org.testng.remote.AbstractRemoteTestNG.run(AbstractRemoteTestNG.java:115)
at org.testng.remote.RemoteTestNG.initAndRun(RemoteTestNG.java:251)
at org.testng.remote.RemoteTestNG.main(RemoteTestNG.java:77)
]]>
    </failure>
  </testcase> <!-- test_Employee_Login -->
</testsuite> <!-- class_27.Assertion_Test_Employee_Login -->
